16-Jun-2026 15:15:23.068 信息 [main] org.apache.catalina.startup.VersionLoggerListener.log Server.服务器版本: Apache Tomcat/11.0.22
16-Jun-2026 15:15:23.070 信息 [main] org.apache.catalina.startup.VersionLoggerListener.log 服务器构建:        May 1 2026 18:29:05 UTC
16-Jun-2026 15:15:23.071 信息 [main] org.apache.catalina.startup.VersionLoggerListener.log 服务器版本号:      11.0.22.0
16-Jun-2026 15:15:23.071 信息 [main] org.apache.catalina.startup.VersionLoggerListener.log 操作系统名称:      Windows 11
16-Jun-2026 15:15:23.071 信息 [main] org.apache.catalina.startup.VersionLoggerListener.log OS.版本:           10.0
16-Jun-2026 15:15:23.071 信息 [main] org.apache.catalina.startup.VersionLoggerListener.log 架构:              amd64
16-Jun-2026 15:15:23.071 信息 [main] org.apache.catalina.startup.VersionLoggerListener.log Java 环境变量:     C:\Program Files\Eclipse Adoptium\jdk-25.0.2.10-hotspot
16-Jun-2026 15:15:23.071 信息 [main] org.apache.catalina.startup.VersionLoggerListener.log Java虚拟机版本:    25.0.2+10-LTS
16-Jun-2026 15:15:23.071 信息 [main] org.apache.catalina.startup.VersionLoggerListener.log JVM.供应商:        Eclipse Adoptium
16-Jun-2026 15:15:23.071 信息 [main] org.apache.catalina.startup.VersionLoggerListener.log CATALINA_BASE:     D:\sandbox\JAVAWEBPRATICE\JAVAWEBLAB\apache-tomcat
16-Jun-2026 15:15:23.071 信息 [main] org.apache.catalina.startup.VersionLoggerListener.log CATALINA_HOME:     D:\sandbox\JAVAWEBPRATICE\JAVAWEBLAB\apache-tomcat
16-Jun-2026 15:15:23.081 信息 [main] org.apache.catalina.startup.VersionLoggerListener.log 命令行参数：       -Djava.util.logging.config.file=D:/sandbox/JAVAWEBPRATICE/JAVAWEBLAB/apache-tomcat/conf/logging.properties
16-Jun-2026 15:15:23.081 信息 [main] org.apache.catalina.startup.VersionLoggerListener.log 命令行参数：       -Djava.util.logging.manager=org.apache.juli.ClassLoaderLogManager
16-Jun-2026 15:15:23.081 信息 [main] org.apache.catalina.startup.VersionLoggerListener.log 命令行参数：       -Djdk.tls.ephemeralDHKeySize=2048
16-Jun-2026 15:15:23.081 信息 [main] org.apache.catalina.startup.VersionLoggerListener.log 命令行参数：       -Dorg.apache.catalina.security.SecurityListener.UMASK=0027
16-Jun-2026 15:15:23.081 信息 [main] org.apache.catalina.startup.VersionLoggerListener.log 命令行参数：       --add-opens=java.base/java.lang=ALL-UNNAMED
16-Jun-2026 15:15:23.082 信息 [main] org.apache.catalina.startup.VersionLoggerListener.log 命令行参数：       --add-opens=java.base/java.lang.reflect=ALL-UNNAMED
16-Jun-2026 15:15:23.082 信息 [main] org.apache.catalina.startup.VersionLoggerListener.log 命令行参数：       --add-opens=java.base/java.io=ALL-UNNAMED
16-Jun-2026 15:15:23.082 信息 [main] org.apache.catalina.startup.VersionLoggerListener.log 命令行参数：       --add-opens=java.base/java.util=ALL-UNNAMED
16-Jun-2026 15:15:23.082 信息 [main] org.apache.catalina.startup.VersionLoggerListener.log 命令行参数：       --add-opens=java.base/java.util.concurrent=ALL-UNNAMED
16-Jun-2026 15:15:23.082 信息 [main] org.apache.catalina.startup.VersionLoggerListener.log 命令行参数：       --add-opens=java.rmi/sun.rmi.transport=ALL-UNNAMED
16-Jun-2026 15:15:23.082 信息 [main] org.apache.catalina.startup.VersionLoggerListener.log 命令行参数：       --enable-native-access=ALL-UNNAMED
16-Jun-2026 15:15:23.082 信息 [main] org.apache.catalina.startup.VersionLoggerListener.log 命令行参数：       -Dcatalina.base=D:/sandbox/JAVAWEBPRATICE/JAVAWEBLAB/apache-tomcat
16-Jun-2026 15:15:23.082 信息 [main] org.apache.catalina.startup.VersionLoggerListener.log 命令行参数：       -Dcatalina.home=D:/sandbox/JAVAWEBPRATICE/JAVAWEBLAB/apache-tomcat
16-Jun-2026 15:15:23.082 信息 [main] org.apache.catalina.startup.VersionLoggerListener.log 命令行参数：       -Djava.io.tmpdir=D:/sandbox/JAVAWEBPRATICE/JAVAWEBLAB/apache-tomcat/temp
16-Jun-2026 15:15:23.111 信息 [main] org.apache.catalina.core.AprLifecycleListener.lifecycleEvent 使用APR版本[1.7.6]加载了基于APR的Apache Tomcat本机库[2.0.14]。
16-Jun-2026 15:15:23.117 信息 [main] org.apache.catalina.core.AprLifecycleListener.initializeSSL OpenSSL成功初始化 [OpenSSL 3.5.5 27 Jan 2026]
16-Jun-2026 15:15:23.275 信息 [main] org.apache.coyote.AbstractProtocol.init 初始化协议处理器 ["http-nio-8088"]
16-Jun-2026 15:15:23.290 信息 [main] org.apache.catalina.startup.Catalina.load 服务器在[353]毫秒内初始化
16-Jun-2026 15:15:23.316 信息 [main] org.apache.catalina.core.StandardService.startInternal 正在启动服务[Catalina]
16-Jun-2026 15:15:23.316 信息 [main] org.apache.catalina.core.StandardEngine.startInternal 正在启动 Servlet 引擎：[Apache Tomcat/11.0.22]
16-Jun-2026 15:15:23.320 信息 [main] org.apache.catalina.startup.HostConfig.deployDirectory 把web 应用程序部署到目录 [D:\sandbox\JAVAWEBPRATICE\JAVAWEBLAB\apache-tomcat\webapps\docs]
16-Jun-2026 15:15:23.490 信息 [main] org.apache.catalina.startup.HostConfig.deployDirectory Web应用程序目录[D:\sandbox\JAVAWEBPRATICE\JAVAWEBLAB\apache-tomcat\webapps\docs]的部署已在[165]毫秒内完成
16-Jun-2026 15:15:23.490 信息 [main] org.apache.catalina.startup.HostConfig.deployDirectory 把web 应用程序部署到目录 [D:\sandbox\JAVAWEBPRATICE\JAVAWEBLAB\apache-tomcat\webapps\examples]
16-Jun-2026 15:15:24.290 信息 [main] org.apache.catalina.startup.HostConfig.deployDirectory Web应用程序目录[D:\sandbox\JAVAWEBPRATICE\JAVAWEBLAB\apache-tomcat\webapps\examples]的部署已在[800]毫秒内完成
16-Jun-2026 15:15:24.290 信息 [main] org.apache.catalina.startup.HostConfig.deployDirectory 把web 应用程序部署到目录 [D:\sandbox\JAVAWEBPRATICE\JAVAWEBLAB\apache-tomcat\webapps\experiment04]
16-Jun-2026 15:15:24.309 信息 [main] org.apache.catalina.startup.HostConfig.deployDirectory Web应用程序目录[D:\sandbox\JAVAWEBPRATICE\JAVAWEBLAB\apache-tomcat\webapps\experiment04]的部署已在[19]毫秒内完成
16-Jun-2026 15:15:24.309 信息 [main] org.apache.catalina.startup.HostConfig.deployDirectory 把web 应用程序部署到目录 [D:\sandbox\JAVAWEBPRATICE\JAVAWEBLAB\apache-tomcat\webapps\experiment05]
16-Jun-2026 15:15:24.321 信息 [main] org.apache.catalina.startup.HostConfig.deployDirectory Web应用程序目录[D:\sandbox\JAVAWEBPRATICE\JAVAWEBLAB\apache-tomcat\webapps\experiment05]的部署已在[12]毫秒内完成
16-Jun-2026 15:15:24.321 信息 [main] org.apache.catalina.startup.HostConfig.deployDirectory 把web 应用程序部署到目录 [D:\sandbox\JAVAWEBPRATICE\JAVAWEBLAB\apache-tomcat\webapps\experiment06]
16-Jun-2026 15:15:24.333 信息 [main] org.apache.catalina.startup.HostConfig.deployDirectory Web应用程序目录[D:\sandbox\JAVAWEBPRATICE\JAVAWEBLAB\apache-tomcat\webapps\experiment06]的部署已在[12]毫秒内完成
16-Jun-2026 15:15:24.333 信息 [main] org.apache.catalina.startup.HostConfig.deployDirectory 把web 应用程序部署到目录 [D:\sandbox\JAVAWEBPRATICE\JAVAWEBLAB\apache-tomcat\webapps\experiment07]
16-Jun-2026 15:15:24.344 信息 [main] org.apache.catalina.startup.HostConfig.deployDirectory Web应用程序目录[D:\sandbox\JAVAWEBPRATICE\JAVAWEBLAB\apache-tomcat\webapps\experiment07]的部署已在[11]毫秒内完成
16-Jun-2026 15:15:24.344 信息 [main] org.apache.catalina.startup.HostConfig.deployDirectory 把web 应用程序部署到目录 [D:\sandbox\JAVAWEBPRATICE\JAVAWEBLAB\apache-tomcat\webapps\experiment08]
16-Jun-2026 15:15:24.359 信息 [main] org.apache.catalina.startup.HostConfig.deployDirectory Web应用程序目录[D:\sandbox\JAVAWEBPRATICE\JAVAWEBLAB\apache-tomcat\webapps\experiment08]的部署已在[15]毫秒内完成
16-Jun-2026 15:15:24.359 信息 [main] org.apache.catalina.startup.HostConfig.deployDirectory 把web 应用程序部署到目录 [D:\sandbox\JAVAWEBPRATICE\JAVAWEBLAB\apache-tomcat\webapps\experiment09]
16-Jun-2026 15:15:24.372 信息 [main] org.apache.catalina.startup.HostConfig.deployDirectory Web应用程序目录[D:\sandbox\JAVAWEBPRATICE\JAVAWEBLAB\apache-tomcat\webapps\experiment09]的部署已在[13]毫秒内完成
16-Jun-2026 15:15:24.372 信息 [main] org.apache.catalina.startup.HostConfig.deployDirectory 把web 应用程序部署到目录 [D:\sandbox\JAVAWEBPRATICE\JAVAWEBLAB\apache-tomcat\webapps\experiment10]
16-Jun-2026 15:15:24.384 信息 [main] org.apache.catalina.startup.HostConfig.deployDirectory Web应用程序目录[D:\sandbox\JAVAWEBPRATICE\JAVAWEBLAB\apache-tomcat\webapps\experiment10]的部署已在[12]毫秒内完成
16-Jun-2026 15:15:24.384 信息 [main] org.apache.catalina.startup.HostConfig.deployDirectory 把web 应用程序部署到目录 [D:\sandbox\JAVAWEBPRATICE\JAVAWEBLAB\apache-tomcat\webapps\host-manager]
16-Jun-2026 15:15:24.399 信息 [main] org.apache.catalina.startup.HostConfig.deployDirectory Web应用程序目录[D:\sandbox\JAVAWEBPRATICE\JAVAWEBLAB\apache-tomcat\webapps\host-manager]的部署已在[15]毫秒内完成
16-Jun-2026 15:15:24.399 信息 [main] org.apache.catalina.startup.HostConfig.deployDirectory 把web 应用程序部署到目录 [D:\sandbox\JAVAWEBPRATICE\JAVAWEBLAB\apache-tomcat\webapps\manager]
16-Jun-2026 15:15:24.412 信息 [main] org.apache.catalina.startup.HostConfig.deployDirectory Web应用程序目录[D:\sandbox\JAVAWEBPRATICE\JAVAWEBLAB\apache-tomcat\webapps\manager]的部署已在[13]毫秒内完成
16-Jun-2026 15:15:24.412 信息 [main] org.apache.catalina.startup.HostConfig.deployDirectory 把web 应用程序部署到目录 [D:\sandbox\JAVAWEBPRATICE\JAVAWEBLAB\apache-tomcat\webapps\ROOT]
16-Jun-2026 15:15:24.421 信息 [main] org.apache.catalina.startup.HostConfig.deployDirectory Web应用程序目录[D:\sandbox\JAVAWEBPRATICE\JAVAWEBLAB\apache-tomcat\webapps\ROOT]的部署已在[9]毫秒内完成
16-Jun-2026 15:15:24.423 信息 [main] org.apache.coyote.AbstractProtocol.start 开始协议处理句柄["http-nio-8088"]
16-Jun-2026 15:15:24.439 信息 [main] org.apache.catalina.startup.Catalina.start [1146]毫秒后服务器启动
16-Jun-2026 15:32:14.156 警告 [http-nio-8088-exec-9] org.apache.coyote.http11.Http11Processor.writeHeaders HTTP响应头信息[Location] 值[login.jsp;jsessionid=D915BBA6C819D58250C90B27D1EB96B5?error=请先登录！]，由于无效已从响应中移除
	java.lang.IllegalArgumentException: java.nio.charset.UnmappableCharacterException: Input length = 1
		at org.apache.tomcat.util.buf.MessageBytes.toBytes(MessageBytes.java:291)
		at org.apache.coyote.http11.Http11OutputBuffer.write(Http11OutputBuffer.java:389)
		at org.apache.coyote.http11.Http11OutputBuffer.sendHeader(Http11OutputBuffer.java:368)
		at org.apache.coyote.http11.Http11Processor.writeHeaders(Http11Processor.java:1065)
		at org.apache.coyote.http11.Http11Processor.prepareResponse(Http11Processor.java:1052)
		at org.apache.coyote.AbstractProcessor.action(AbstractProcessor.java:376)
		at org.apache.coyote.Response.action(Response.java:197)
		at org.apache.coyote.Response.commit(Response.java:439)
		at org.apache.catalina.connector.OutputBuffer.doFlush(OutputBuffer.java:272)
		at org.apache.catalina.connector.OutputBuffer.close(OutputBuffer.java:232)
		at org.apache.catalina.connector.Response.finishResponse(Response.java:386)
		at org.apache.catalina.connector.CoyoteAdapter.service(CoyoteAdapter.java:370)
		at org.apache.coyote.http11.Http11Processor.service(Http11Processor.java:397)
		at org.apache.coyote.AbstractProcessorLight.process(AbstractProcessorLight.java:63)
		at org.apache.coyote.AbstractProtocol$ConnectionHandler.process(AbstractProtocol.java:1272)
		at org.apache.tomcat.util.net.NioEndpoint$SocketProcessor.doRun(NioEndpoint.java:1801)
		at org.apache.tomcat.util.net.SocketProcessorBase.run(SocketProcessorBase.java:52)
		at org.apache.tomcat.util.threads.ThreadPoolExecutor.runWorker(ThreadPoolExecutor.java:946)
		at org.apache.tomcat.util.threads.ThreadPoolExecutor$Worker.run(ThreadPoolExecutor.java:480)
		at org.apache.tomcat.util.threads.TaskThread$WrappingRunnable.run(TaskThread.java:57)
		at java.base/java.lang.Thread.run(Thread.java:1474)
	Caused by: java.nio.charset.UnmappableCharacterException: Input length = 1
		at java.base/java.nio.charset.CoderResult.throwException(CoderResult.java:280)
		at java.base/java.nio.charset.CharsetEncoder.encode(CharsetEncoder.java:837)
		at org.apache.tomcat.util.buf.MessageBytes.toBytes(MessageBytes.java:284)
		... 20 more
16-Jun-2026 15:32:16.205 警告 [http-nio-8088-exec-4] org.apache.coyote.http11.Http11Processor.writeHeaders HTTP响应头信息[Location] 值[login.jsp;jsessionid=B0A2117C29FD73EC016C748BB98D40A5?error=请先登录！]，由于无效已从响应中移除
	java.lang.IllegalArgumentException: java.nio.charset.UnmappableCharacterException: Input length = 1
		at org.apache.tomcat.util.buf.MessageBytes.toBytes(MessageBytes.java:291)
		at org.apache.coyote.http11.Http11OutputBuffer.write(Http11OutputBuffer.java:389)
		at org.apache.coyote.http11.Http11OutputBuffer.sendHeader(Http11OutputBuffer.java:368)
		at org.apache.coyote.http11.Http11Processor.writeHeaders(Http11Processor.java:1065)
		at org.apache.coyote.http11.Http11Processor.prepareResponse(Http11Processor.java:1052)
		at org.apache.coyote.AbstractProcessor.action(AbstractProcessor.java:376)
		at org.apache.coyote.Response.action(Response.java:197)
		at org.apache.coyote.Response.commit(Response.java:439)
		at org.apache.catalina.connector.OutputBuffer.doFlush(OutputBuffer.java:272)
		at org.apache.catalina.connector.OutputBuffer.close(OutputBuffer.java:232)
		at org.apache.catalina.connector.Response.finishResponse(Response.java:386)
		at org.apache.catalina.connector.CoyoteAdapter.service(CoyoteAdapter.java:370)
		at org.apache.coyote.http11.Http11Processor.service(Http11Processor.java:397)
		at org.apache.coyote.AbstractProcessorLight.process(AbstractProcessorLight.java:63)
		at org.apache.coyote.AbstractProtocol$ConnectionHandler.process(AbstractProtocol.java:1272)
		at org.apache.tomcat.util.net.NioEndpoint$SocketProcessor.doRun(NioEndpoint.java:1801)
		at org.apache.tomcat.util.net.SocketProcessorBase.run(SocketProcessorBase.java:52)
		at org.apache.tomcat.util.threads.ThreadPoolExecutor.runWorker(ThreadPoolExecutor.java:946)
		at org.apache.tomcat.util.threads.ThreadPoolExecutor$Worker.run(ThreadPoolExecutor.java:480)
		at org.apache.tomcat.util.threads.TaskThread$WrappingRunnable.run(TaskThread.java:57)
		at java.base/java.lang.Thread.run(Thread.java:1474)
	Caused by: java.nio.charset.UnmappableCharacterException: Input length = 1
		at java.base/java.nio.charset.CoderResult.throwException(CoderResult.java:280)
		at java.base/java.nio.charset.CharsetEncoder.encode(CharsetEncoder.java:837)
		at org.apache.tomcat.util.buf.MessageBytes.toBytes(MessageBytes.java:284)
		... 20 more
16-Jun-2026 20:10:02.681 信息 [main] org.apache.catalina.startup.VersionLoggerListener.log Server.服务器版本: Apache Tomcat/11.0.22
16-Jun-2026 20:10:02.694 信息 [main] org.apache.catalina.startup.VersionLoggerListener.log 服务器构建:        May 1 2026 18:29:05 UTC
16-Jun-2026 20:10:02.695 信息 [main] org.apache.catalina.startup.VersionLoggerListener.log 服务器版本号:      11.0.22.0
16-Jun-2026 20:10:02.695 信息 [main] org.apache.catalina.startup.VersionLoggerListener.log 操作系统名称:      Windows 11
16-Jun-2026 20:10:02.695 信息 [main] org.apache.catalina.startup.VersionLoggerListener.log OS.版本:           10.0
16-Jun-2026 20:10:02.696 信息 [main] org.apache.catalina.startup.VersionLoggerListener.log 架构:              amd64
16-Jun-2026 20:10:02.696 信息 [main] org.apache.catalina.startup.VersionLoggerListener.log Java 环境变量:     C:\Program Files\Eclipse Adoptium\jdk-25.0.2.10-hotspot
16-Jun-2026 20:10:02.696 信息 [main] org.apache.catalina.startup.VersionLoggerListener.log Java虚拟机版本:    25.0.2+10-LTS
16-Jun-2026 20:10:02.697 信息 [main] org.apache.catalina.startup.VersionLoggerListener.log JVM.供应商:        Eclipse Adoptium
16-Jun-2026 20:10:02.698 信息 [main] org.apache.catalina.startup.VersionLoggerListener.log CATALINA_BASE:     D:\sandbox\JAVAWEBPRATICE\JAVAWEBLAB\apache-tomcat
16-Jun-2026 20:10:02.699 信息 [main] org.apache.catalina.startup.VersionLoggerListener.log CATALINA_HOME:     D:\sandbox\JAVAWEBPRATICE\JAVAWEBLAB\apache-tomcat
16-Jun-2026 20:10:02.733 信息 [main] org.apache.catalina.startup.VersionLoggerListener.log 命令行参数：       -Djava.util.logging.config.file=D:\sandbox\JAVAWEBPRATICE\JAVAWEBLAB\apache-tomcat\conf\logging.properties
16-Jun-2026 20:10:02.734 信息 [main] org.apache.catalina.startup.VersionLoggerListener.log 命令行参数：       -Djava.util.logging.manager=org.apache.juli.ClassLoaderLogManager
16-Jun-2026 20:10:02.734 信息 [main] org.apache.catalina.startup.VersionLoggerListener.log 命令行参数：       -Djdk.tls.ephemeralDHKeySize=2048
16-Jun-2026 20:10:02.736 信息 [main] org.apache.catalina.startup.VersionLoggerListener.log 命令行参数：       --add-opens=java.base/java.lang=ALL-UNNAMED
16-Jun-2026 20:10:02.736 信息 [main] org.apache.catalina.startup.VersionLoggerListener.log 命令行参数：       --add-opens=java.base/java.lang.reflect=ALL-UNNAMED
16-Jun-2026 20:10:02.737 信息 [main] org.apache.catalina.startup.VersionLoggerListener.log 命令行参数：       --add-opens=java.base/java.io=ALL-UNNAMED
16-Jun-2026 20:10:02.737 信息 [main] org.apache.catalina.startup.VersionLoggerListener.log 命令行参数：       --add-opens=java.base/java.util=ALL-UNNAMED
16-Jun-2026 20:10:02.738 信息 [main] org.apache.catalina.startup.VersionLoggerListener.log 命令行参数：       --add-opens=java.base/java.util.concurrent=ALL-UNNAMED
16-Jun-2026 20:10:02.738 信息 [main] org.apache.catalina.startup.VersionLoggerListener.log 命令行参数：       --add-opens=java.rmi/sun.rmi.transport=ALL-UNNAMED
16-Jun-2026 20:10:02.739 信息 [main] org.apache.catalina.startup.VersionLoggerListener.log 命令行参数：       --enable-native-access=ALL-UNNAMED
16-Jun-2026 20:10:02.739 信息 [main] org.apache.catalina.startup.VersionLoggerListener.log 命令行参数：       -Dcatalina.base=D:\sandbox\JAVAWEBPRATICE\JAVAWEBLAB\apache-tomcat
16-Jun-2026 20:10:02.740 信息 [main] org.apache.catalina.startup.VersionLoggerListener.log 命令行参数：       -Dcatalina.home=D:\sandbox\JAVAWEBPRATICE\JAVAWEBLAB\apache-tomcat
16-Jun-2026 20:10:02.740 信息 [main] org.apache.catalina.startup.VersionLoggerListener.log 命令行参数：       -Djava.io.tmpdir=D:\sandbox\JAVAWEBPRATICE\JAVAWEBLAB\apache-tomcat\temp
16-Jun-2026 20:10:02.817 信息 [main] org.apache.catalina.core.AprLifecycleListener.lifecycleEvent 使用APR版本[1.7.6]加载了基于APR的Apache Tomcat本机库[2.0.14]。
16-Jun-2026 20:10:02.860 信息 [main] org.apache.catalina.core.AprLifecycleListener.initializeSSL OpenSSL成功初始化 [OpenSSL 3.5.5 27 Jan 2026]
16-Jun-2026 20:10:03.438 信息 [main] org.apache.coyote.AbstractProtocol.init 初始化协议处理器 ["http-nio-8088"]
16-Jun-2026 20:10:03.460 信息 [main] org.apache.catalina.startup.Catalina.load 服务器在[1387]毫秒内初始化
16-Jun-2026 20:10:03.497 信息 [main] org.apache.catalina.core.StandardService.startInternal 正在启动服务[Catalina]
16-Jun-2026 20:10:03.498 信息 [main] org.apache.catalina.core.StandardEngine.startInternal 正在启动 Servlet 引擎：[Apache Tomcat/11.0.22]
16-Jun-2026 20:10:03.506 信息 [main] org.apache.catalina.startup.HostConfig.deployDirectory 把web 应用程序部署到目录 [D:\sandbox\JAVAWEBPRATICE\JAVAWEBLAB\apache-tomcat\webapps\docs]
16-Jun-2026 20:10:03.743 信息 [main] org.apache.catalina.startup.HostConfig.deployDirectory Web应用程序目录[D:\sandbox\JAVAWEBPRATICE\JAVAWEBLAB\apache-tomcat\webapps\docs]的部署已在[231]毫秒内完成
16-Jun-2026 20:10:03.744 信息 [main] org.apache.catalina.startup.HostConfig.deployDirectory 把web 应用程序部署到目录 [D:\sandbox\JAVAWEBPRATICE\JAVAWEBLAB\apache-tomcat\webapps\examples]
16-Jun-2026 20:10:04.494 信息 [main] org.apache.catalina.startup.HostConfig.deployDirectory Web应用程序目录[D:\sandbox\JAVAWEBPRATICE\JAVAWEBLAB\apache-tomcat\webapps\examples]的部署已在[749]毫秒内完成
16-Jun-2026 20:10:04.494 信息 [main] org.apache.catalina.startup.HostConfig.deployDirectory 把web 应用程序部署到目录 [D:\sandbox\JAVAWEBPRATICE\JAVAWEBLAB\apache-tomcat\webapps\experiment04]
16-Jun-2026 20:10:04.518 信息 [main] org.apache.catalina.startup.HostConfig.deployDirectory Web应用程序目录[D:\sandbox\JAVAWEBPRATICE\JAVAWEBLAB\apache-tomcat\webapps\experiment04]的部署已在[24]毫秒内完成
16-Jun-2026 20:10:04.518 信息 [main] org.apache.catalina.startup.HostConfig.deployDirectory 把web 应用程序部署到目录 [D:\sandbox\JAVAWEBPRATICE\JAVAWEBLAB\apache-tomcat\webapps\experiment05]
16-Jun-2026 20:10:04.533 信息 [main] org.apache.catalina.startup.HostConfig.deployDirectory Web应用程序目录[D:\sandbox\JAVAWEBPRATICE\JAVAWEBLAB\apache-tomcat\webapps\experiment05]的部署已在[15]毫秒内完成
16-Jun-2026 20:10:04.534 信息 [main] org.apache.catalina.startup.HostConfig.deployDirectory 把web 应用程序部署到目录 [D:\sandbox\JAVAWEBPRATICE\JAVAWEBLAB\apache-tomcat\webapps\experiment06]
16-Jun-2026 20:10:04.550 信息 [main] org.apache.catalina.startup.HostConfig.deployDirectory Web应用程序目录[D:\sandbox\JAVAWEBPRATICE\JAVAWEBLAB\apache-tomcat\webapps\experiment06]的部署已在[15]毫秒内完成
16-Jun-2026 20:10:04.551 信息 [main] org.apache.catalina.startup.HostConfig.deployDirectory 把web 应用程序部署到目录 [D:\sandbox\JAVAWEBPRATICE\JAVAWEBLAB\apache-tomcat\webapps\experiment07]
16-Jun-2026 20:10:04.569 信息 [main] org.apache.catalina.startup.HostConfig.deployDirectory Web应用程序目录[D:\sandbox\JAVAWEBPRATICE\JAVAWEBLAB\apache-tomcat\webapps\experiment07]的部署已在[18]毫秒内完成
16-Jun-2026 20:10:04.569 信息 [main] org.apache.catalina.startup.HostConfig.deployDirectory 把web 应用程序部署到目录 [D:\sandbox\JAVAWEBPRATICE\JAVAWEBLAB\apache-tomcat\webapps\experiment08]
16-Jun-2026 20:10:04.592 信息 [main] org.apache.catalina.startup.HostConfig.deployDirectory Web应用程序目录[D:\sandbox\JAVAWEBPRATICE\JAVAWEBLAB\apache-tomcat\webapps\experiment08]的部署已在[23]毫秒内完成
16-Jun-2026 20:10:04.592 信息 [main] org.apache.catalina.startup.HostConfig.deployDirectory 把web 应用程序部署到目录 [D:\sandbox\JAVAWEBPRATICE\JAVAWEBLAB\apache-tomcat\webapps\experiment09]
16-Jun-2026 20:10:04.615 信息 [main] org.apache.catalina.startup.HostConfig.deployDirectory Web应用程序目录[D:\sandbox\JAVAWEBPRATICE\JAVAWEBLAB\apache-tomcat\webapps\experiment09]的部署已在[23]毫秒内完成
16-Jun-2026 20:10:04.616 信息 [main] org.apache.catalina.startup.HostConfig.deployDirectory 把web 应用程序部署到目录 [D:\sandbox\JAVAWEBPRATICE\JAVAWEBLAB\apache-tomcat\webapps\experiment10]
16-Jun-2026 20:10:04.636 信息 [main] org.apache.catalina.startup.HostConfig.deployDirectory Web应用程序目录[D:\sandbox\JAVAWEBPRATICE\JAVAWEBLAB\apache-tomcat\webapps\experiment10]的部署已在[19]毫秒内完成
16-Jun-2026 20:10:04.636 信息 [main] org.apache.catalina.startup.HostConfig.deployDirectory 把web 应用程序部署到目录 [D:\sandbox\JAVAWEBPRATICE\JAVAWEBLAB\apache-tomcat\webapps\host-manager]
16-Jun-2026 20:10:04.658 信息 [main] org.apache.catalina.startup.HostConfig.deployDirectory Web应用程序目录[D:\sandbox\JAVAWEBPRATICE\JAVAWEBLAB\apache-tomcat\webapps\host-manager]的部署已在[22]毫秒内完成
16-Jun-2026 20:10:04.659 信息 [main] org.apache.catalina.startup.HostConfig.deployDirectory 把web 应用程序部署到目录 [D:\sandbox\JAVAWEBPRATICE\JAVAWEBLAB\apache-tomcat\webapps\manager]
16-Jun-2026 20:10:04.678 信息 [main] org.apache.catalina.startup.HostConfig.deployDirectory Web应用程序目录[D:\sandbox\JAVAWEBPRATICE\JAVAWEBLAB\apache-tomcat\webapps\manager]的部署已在[18]毫秒内完成
16-Jun-2026 20:10:04.678 信息 [main] org.apache.catalina.startup.HostConfig.deployDirectory 把web 应用程序部署到目录 [D:\sandbox\JAVAWEBPRATICE\JAVAWEBLAB\apache-tomcat\webapps\ROOT]
16-Jun-2026 20:10:04.737 信息 [main] org.apache.catalina.startup.HostConfig.deployDirectory Web应用程序目录[D:\sandbox\JAVAWEBPRATICE\JAVAWEBLAB\apache-tomcat\webapps\ROOT]的部署已在[58]毫秒内完成
16-Jun-2026 20:10:04.749 信息 [main] org.apache.coyote.AbstractProtocol.start 开始协议处理句柄["http-nio-8088"]
16-Jun-2026 20:10:04.816 信息 [main] org.apache.catalina.startup.Catalina.start [1355]毫秒后服务器启动
16-Jun-2026 20:11:33.291 信息 [main] org.apache.catalina.startup.VersionLoggerListener.log Server.服务器版本: Apache Tomcat/11.0.22
16-Jun-2026 20:11:33.293 信息 [main] org.apache.catalina.startup.VersionLoggerListener.log 服务器构建:        May 1 2026 18:29:05 UTC
16-Jun-2026 20:11:33.293 信息 [main] org.apache.catalina.startup.VersionLoggerListener.log 服务器版本号:      11.0.22.0
16-Jun-2026 20:11:33.293 信息 [main] org.apache.catalina.startup.VersionLoggerListener.log 操作系统名称:      Windows 11
16-Jun-2026 20:11:33.293 信息 [main] org.apache.catalina.startup.VersionLoggerListener.log OS.版本:           10.0
16-Jun-2026 20:11:33.293 信息 [main] org.apache.catalina.startup.VersionLoggerListener.log 架构:              amd64
16-Jun-2026 20:11:33.294 信息 [main] org.apache.catalina.startup.VersionLoggerListener.log Java 环境变量:     C:\Program Files\Eclipse Adoptium\jdk-25.0.2.10-hotspot
16-Jun-2026 20:11:33.294 信息 [main] org.apache.catalina.startup.VersionLoggerListener.log Java虚拟机版本:    25.0.2+10-LTS
16-Jun-2026 20:11:33.294 信息 [main] org.apache.catalina.startup.VersionLoggerListener.log JVM.供应商:        Eclipse Adoptium
16-Jun-2026 20:11:33.294 信息 [main] org.apache.catalina.startup.VersionLoggerListener.log CATALINA_BASE:     D:\sandbox\JAVAWEBPRATICE\JAVAWEBLAB\apache-tomcat
16-Jun-2026 20:11:33.294 信息 [main] org.apache.catalina.startup.VersionLoggerListener.log CATALINA_HOME:     D:\sandbox\JAVAWEBPRATICE\JAVAWEBLAB\apache-tomcat
16-Jun-2026 20:11:33.299 信息 [main] org.apache.catalina.startup.VersionLoggerListener.log 命令行参数：       -Djava.util.logging.config.file=D:\sandbox\JAVAWEBPRATICE\JAVAWEBLAB\apache-tomcat\conf\logging.properties
16-Jun-2026 20:11:33.299 信息 [main] org.apache.catalina.startup.VersionLoggerListener.log 命令行参数：       -Djava.util.logging.manager=org.apache.juli.ClassLoaderLogManager
16-Jun-2026 20:11:33.299 信息 [main] org.apache.catalina.startup.VersionLoggerListener.log 命令行参数：       -Djdk.tls.ephemeralDHKeySize=2048
16-Jun-2026 20:11:33.300 信息 [main] org.apache.catalina.startup.VersionLoggerListener.log 命令行参数：       --add-opens=java.base/java.lang=ALL-UNNAMED
16-Jun-2026 20:11:33.300 信息 [main] org.apache.catalina.startup.VersionLoggerListener.log 命令行参数：       --add-opens=java.base/java.lang.reflect=ALL-UNNAMED
16-Jun-2026 20:11:33.300 信息 [main] org.apache.catalina.startup.VersionLoggerListener.log 命令行参数：       --add-opens=java.base/java.io=ALL-UNNAMED
16-Jun-2026 20:11:33.300 信息 [main] org.apache.catalina.startup.VersionLoggerListener.log 命令行参数：       --add-opens=java.base/java.util=ALL-UNNAMED
16-Jun-2026 20:11:33.301 信息 [main] org.apache.catalina.startup.VersionLoggerListener.log 命令行参数：       --add-opens=java.base/java.util.concurrent=ALL-UNNAMED
16-Jun-2026 20:11:33.301 信息 [main] org.apache.catalina.startup.VersionLoggerListener.log 命令行参数：       --add-opens=java.rmi/sun.rmi.transport=ALL-UNNAMED
16-Jun-2026 20:11:33.301 信息 [main] org.apache.catalina.startup.VersionLoggerListener.log 命令行参数：       --enable-native-access=ALL-UNNAMED
16-Jun-2026 20:11:33.301 信息 [main] org.apache.catalina.startup.VersionLoggerListener.log 命令行参数：       -Dcatalina.base=D:\sandbox\JAVAWEBPRATICE\JAVAWEBLAB\apache-tomcat
16-Jun-2026 20:11:33.301 信息 [main] org.apache.catalina.startup.VersionLoggerListener.log 命令行参数：       -Dcatalina.home=D:\sandbox\JAVAWEBPRATICE\JAVAWEBLAB\apache-tomcat
16-Jun-2026 20:11:33.302 信息 [main] org.apache.catalina.startup.VersionLoggerListener.log 命令行参数：       -Djava.io.tmpdir=D:\sandbox\JAVAWEBPRATICE\JAVAWEBLAB\apache-tomcat\temp
16-Jun-2026 20:11:33.304 信息 [main] org.apache.catalina.core.AprLifecycleListener.lifecycleEvent 使用APR版本[1.7.6]加载了基于APR的Apache Tomcat本机库[2.0.14]。
16-Jun-2026 20:11:33.309 信息 [main] org.apache.catalina.core.AprLifecycleListener.initializeSSL OpenSSL成功初始化 [OpenSSL 3.5.5 27 Jan 2026]
16-Jun-2026 20:11:33.465 信息 [main] org.apache.coyote.AbstractProtocol.init 初始化协议处理器 ["http-nio-8088"]
16-Jun-2026 20:11:33.476 严重 [main] org.apache.catalina.util.LifecycleBase.handleSubClassException 初始化组件[Connector["http-nio-8088"]]失败。
	org.apache.catalina.LifecycleException: 协议处理程序初始化失败
		at org.apache.catalina.connector.Connector.initInternal(Connector.java:1088)
		at org.apache.catalina.util.LifecycleBase.init(LifecycleBase.java:122)
		at org.apache.catalina.core.StandardService.initInternal(StandardService.java:520)
		at org.apache.catalina.util.LifecycleBase.init(LifecycleBase.java:122)
		at org.apache.catalina.core.StandardServer.initInternal(StandardServer.java:951)
		at org.apache.catalina.util.LifecycleBase.init(LifecycleBase.java:122)
		at org.apache.catalina.startup.Catalina.load(Catalina.java:707)
		at org.apache.catalina.startup.Catalina.load(Catalina.java:730)
		at java.base/jdk.internal.reflect.DirectMethodHandleAccessor.invoke(DirectMethodHandleAccessor.java:104)
		at java.base/java.lang.reflect.Method.invoke(Method.java:565)
		at org.apache.catalina.startup.Bootstrap.load(Bootstrap.java:296)
		at org.apache.catalina.startup.Bootstrap.main(Bootstrap.java:469)
	Caused by: java.net.BindException: Address already in use: bind
		at java.base/sun.nio.ch.Net.bind0(Native Method)
		at java.base/sun.nio.ch.Net.bind(Net.java:522)
		at java.base/sun.nio.ch.ServerSocketChannelImpl.netBind(ServerSocketChannelImpl.java:335)
		at java.base/sun.nio.ch.ServerSocketChannelImpl.bind(ServerSocketChannelImpl.java:297)
		at org.apache.tomcat.util.net.NioEndpoint.initServerSocket(NioEndpoint.java:265)
		at org.apache.tomcat.util.net.NioEndpoint.bind(NioEndpoint.java:220)
		at org.apache.tomcat.util.net.AbstractEndpoint.bindWithCleanup(AbstractEndpoint.java:1642)
		at org.apache.tomcat.util.net.AbstractEndpoint.init(AbstractEndpoint.java:1655)
		at org.apache.coyote.AbstractProtocol.init(AbstractProtocol.java:932)
		at org.apache.coyote.http11.AbstractHttp11Protocol.init(AbstractHttp11Protocol.java:83)
		at org.apache.catalina.connector.Connector.initInternal(Connector.java:1086)
		... 11 more
16-Jun-2026 20:11:33.477 信息 [main] org.apache.catalina.startup.Catalina.load 服务器在[289]毫秒内初始化
16-Jun-2026 20:11:33.502 信息 [main] org.apache.catalina.core.StandardService.startInternal 正在启动服务[Catalina]
16-Jun-2026 20:11:33.502 信息 [main] org.apache.catalina.core.StandardEngine.startInternal 正在启动 Servlet 引擎：[Apache Tomcat/11.0.22]
16-Jun-2026 20:11:33.506 信息 [main] org.apache.catalina.startup.HostConfig.deployDirectory 把web 应用程序部署到目录 [D:\sandbox\JAVAWEBPRATICE\JAVAWEBLAB\apache-tomcat\webapps\docs]
16-Jun-2026 20:11:33.701 信息 [main] org.apache.catalina.startup.HostConfig.deployDirectory Web应用程序目录[D:\sandbox\JAVAWEBPRATICE\JAVAWEBLAB\apache-tomcat\webapps\docs]的部署已在[189]毫秒内完成
16-Jun-2026 20:11:33.701 信息 [main] org.apache.catalina.startup.HostConfig.deployDirectory 把web 应用程序部署到目录 [D:\sandbox\JAVAWEBPRATICE\JAVAWEBLAB\apache-tomcat\webapps\examples]
16-Jun-2026 20:11:33.939 信息 [main] org.apache.catalina.startup.HostConfig.deployDirectory Web应用程序目录[D:\sandbox\JAVAWEBPRATICE\JAVAWEBLAB\apache-tomcat\webapps\examples]的部署已在[238]毫秒内完成
16-Jun-2026 20:11:33.939 信息 [main] org.apache.catalina.startup.HostConfig.deployDirectory 把web 应用程序部署到目录 [D:\sandbox\JAVAWEBPRATICE\JAVAWEBLAB\apache-tomcat\webapps\experiment04]
16-Jun-2026 20:11:33.960 信息 [main] org.apache.catalina.startup.HostConfig.deployDirectory Web应用程序目录[D:\sandbox\JAVAWEBPRATICE\JAVAWEBLAB\apache-tomcat\webapps\experiment04]的部署已在[21]毫秒内完成
16-Jun-2026 20:11:33.960 信息 [main] org.apache.catalina.startup.HostConfig.deployDirectory 把web 应用程序部署到目录 [D:\sandbox\JAVAWEBPRATICE\JAVAWEBLAB\apache-tomcat\webapps\experiment05]
16-Jun-2026 20:11:33.980 信息 [main] org.apache.catalina.startup.HostConfig.deployDirectory Web应用程序目录[D:\sandbox\JAVAWEBPRATICE\JAVAWEBLAB\apache-tomcat\webapps\experiment05]的部署已在[20]毫秒内完成
16-Jun-2026 20:11:33.981 信息 [main] org.apache.catalina.startup.HostConfig.deployDirectory 把web 应用程序部署到目录 [D:\sandbox\JAVAWEBPRATICE\JAVAWEBLAB\apache-tomcat\webapps\experiment06]
16-Jun-2026 20:11:33.999 信息 [main] org.apache.catalina.startup.HostConfig.deployDirectory Web应用程序目录[D:\sandbox\JAVAWEBPRATICE\JAVAWEBLAB\apache-tomcat\webapps\experiment06]的部署已在[18]毫秒内完成
16-Jun-2026 20:11:33.999 信息 [main] org.apache.catalina.startup.HostConfig.deployDirectory 把web 应用程序部署到目录 [D:\sandbox\JAVAWEBPRATICE\JAVAWEBLAB\apache-tomcat\webapps\experiment07]
16-Jun-2026 20:11:34.016 信息 [main] org.apache.catalina.startup.HostConfig.deployDirectory Web应用程序目录[D:\sandbox\JAVAWEBPRATICE\JAVAWEBLAB\apache-tomcat\webapps\experiment07]的部署已在[17]毫秒内完成
16-Jun-2026 20:11:34.016 信息 [main] org.apache.catalina.startup.HostConfig.deployDirectory 把web 应用程序部署到目录 [D:\sandbox\JAVAWEBPRATICE\JAVAWEBLAB\apache-tomcat\webapps\experiment08]
16-Jun-2026 20:11:34.042 信息 [main] org.apache.catalina.startup.HostConfig.deployDirectory Web应用程序目录[D:\sandbox\JAVAWEBPRATICE\JAVAWEBLAB\apache-tomcat\webapps\experiment08]的部署已在[26]毫秒内完成
16-Jun-2026 20:11:34.042 信息 [main] org.apache.catalina.startup.HostConfig.deployDirectory 把web 应用程序部署到目录 [D:\sandbox\JAVAWEBPRATICE\JAVAWEBLAB\apache-tomcat\webapps\experiment09]
16-Jun-2026 20:11:34.060 信息 [main] org.apache.catalina.startup.HostConfig.deployDirectory Web应用程序目录[D:\sandbox\JAVAWEBPRATICE\JAVAWEBLAB\apache-tomcat\webapps\experiment09]的部署已在[18]毫秒内完成
16-Jun-2026 20:11:34.061 信息 [main] org.apache.catalina.startup.HostConfig.deployDirectory 把web 应用程序部署到目录 [D:\sandbox\JAVAWEBPRATICE\JAVAWEBLAB\apache-tomcat\webapps\experiment10]
16-Jun-2026 20:11:34.077 信息 [main] org.apache.catalina.startup.HostConfig.deployDirectory Web应用程序目录[D:\sandbox\JAVAWEBPRATICE\JAVAWEBLAB\apache-tomcat\webapps\experiment10]的部署已在[16]毫秒内完成
16-Jun-2026 20:11:34.078 信息 [main] org.apache.catalina.startup.HostConfig.deployDirectory 把web 应用程序部署到目录 [D:\sandbox\JAVAWEBPRATICE\JAVAWEBLAB\apache-tomcat\webapps\host-manager]
16-Jun-2026 20:11:34.097 信息 [main] org.apache.catalina.startup.HostConfig.deployDirectory Web应用程序目录[D:\sandbox\JAVAWEBPRATICE\JAVAWEBLAB\apache-tomcat\webapps\host-manager]的部署已在[19]毫秒内完成
16-Jun-2026 20:11:34.098 信息 [main] org.apache.catalina.startup.HostConfig.deployDirectory 把web 应用程序部署到目录 [D:\sandbox\JAVAWEBPRATICE\JAVAWEBLAB\apache-tomcat\webapps\manager]
16-Jun-2026 20:11:34.114 信息 [main] org.apache.catalina.startup.HostConfig.deployDirectory Web应用程序目录[D:\sandbox\JAVAWEBPRATICE\JAVAWEBLAB\apache-tomcat\webapps\manager]的部署已在[15]毫秒内完成
16-Jun-2026 20:11:34.114 信息 [main] org.apache.catalina.startup.HostConfig.deployDirectory 把web 应用程序部署到目录 [D:\sandbox\JAVAWEBPRATICE\JAVAWEBLAB\apache-tomcat\webapps\ROOT]
16-Jun-2026 20:11:34.126 信息 [main] org.apache.catalina.startup.HostConfig.deployDirectory Web应用程序目录[D:\sandbox\JAVAWEBPRATICE\JAVAWEBLAB\apache-tomcat\webapps\ROOT]的部署已在[12]毫秒内完成
16-Jun-2026 20:11:34.130 信息 [main] org.apache.catalina.startup.Catalina.start [651]毫秒后服务器启动
16-Jun-2026 20:11:34.135 严重 [main] org.apache.catalina.core.StandardServer.await 无法在地址[localhost]和端口[8005]上创建服务器关闭套接字（基本端口[8005]和偏移量[0]）
	java.net.BindException: Address already in use: bind
		at java.base/sun.nio.ch.Net.bind0(Native Method)
		at java.base/sun.nio.ch.Net.bind(Net.java:522)
		at java.base/sun.nio.ch.Net.bind(Net.java:511)
		at java.base/sun.nio.ch.NioSocketImpl.bind(NioSocketImpl.java:641)
		at java.base/java.net.ServerSocket.bind(ServerSocket.java:326)
		at java.base/java.net.ServerSocket.<init>(ServerSocket.java:222)
		at org.apache.catalina.core.StandardServer.await(StandardServer.java:530)
		at org.apache.catalina.startup.Catalina.await(Catalina.java:846)
		at org.apache.catalina.startup.Catalina.start(Catalina.java:794)
		at java.base/jdk.internal.reflect.DirectMethodHandleAccessor.invoke(DirectMethodHandleAccessor.java:104)
		at java.base/java.lang.reflect.Method.invoke(Method.java:565)
		at org.apache.catalina.startup.Bootstrap.start(Bootstrap.java:339)
		at org.apache.catalina.startup.Bootstrap.main(Bootstrap.java:470)
16-Jun-2026 20:11:34.135 信息 [main] org.apache.coyote.AbstractProtocol.pause 暂停ProtocolHandler["http-nio-8088"]
16-Jun-2026 20:11:34.136 信息 [main] org.apache.catalina.core.StandardService.stopInternal 正在停止服务[Catalina]
16-Jun-2026 20:11:34.162 信息 [main] org.apache.coyote.AbstractProtocol.stop 正在停止ProtocolHandler ["http-nio-8088"]
16-Jun-2026 20:11:34.163 信息 [main] org.apache.coyote.AbstractProtocol.destroy 正在销毁协议处理器 ["http-nio-8088"]
16-Jun-2026 20:12:44.936 信息 [main] org.apache.catalina.startup.VersionLoggerListener.log Server.服务器版本: Apache Tomcat/11.0.22
16-Jun-2026 20:12:44.938 信息 [main] org.apache.catalina.startup.VersionLoggerListener.log 服务器构建:        May 1 2026 18:29:05 UTC
16-Jun-2026 20:12:44.938 信息 [main] org.apache.catalina.startup.VersionLoggerListener.log 服务器版本号:      11.0.22.0
16-Jun-2026 20:12:44.939 信息 [main] org.apache.catalina.startup.VersionLoggerListener.log 操作系统名称:      Windows 11
16-Jun-2026 20:12:44.939 信息 [main] org.apache.catalina.startup.VersionLoggerListener.log OS.版本:           10.0
16-Jun-2026 20:12:44.939 信息 [main] org.apache.catalina.startup.VersionLoggerListener.log 架构:              amd64
16-Jun-2026 20:12:44.939 信息 [main] org.apache.catalina.startup.VersionLoggerListener.log Java 环境变量:     C:\Program Files\Eclipse Adoptium\jdk-25.0.2.10-hotspot
16-Jun-2026 20:12:44.940 信息 [main] org.apache.catalina.startup.VersionLoggerListener.log Java虚拟机版本:    25.0.2+10-LTS
16-Jun-2026 20:12:44.940 信息 [main] org.apache.catalina.startup.VersionLoggerListener.log JVM.供应商:        Eclipse Adoptium
16-Jun-2026 20:12:44.940 信息 [main] org.apache.catalina.startup.VersionLoggerListener.log CATALINA_BASE:     D:\sandbox\JAVAWEBPRATICE\JAVAWEBLAB\apache-tomcat
16-Jun-2026 20:12:44.940 信息 [main] org.apache.catalina.startup.VersionLoggerListener.log CATALINA_HOME:     D:\sandbox\JAVAWEBPRATICE\JAVAWEBLAB\apache-tomcat
16-Jun-2026 20:12:44.947 信息 [main] org.apache.catalina.startup.VersionLoggerListener.log 命令行参数：       -Djava.util.logging.config.file=D:\sandbox\JAVAWEBPRATICE\JAVAWEBLAB\apache-tomcat\conf\logging.properties
16-Jun-2026 20:12:44.948 信息 [main] org.apache.catalina.startup.VersionLoggerListener.log 命令行参数：       -Djava.util.logging.manager=org.apache.juli.ClassLoaderLogManager
16-Jun-2026 20:12:44.948 信息 [main] org.apache.catalina.startup.VersionLoggerListener.log 命令行参数：       -Djdk.tls.ephemeralDHKeySize=2048
16-Jun-2026 20:12:44.948 信息 [main] org.apache.catalina.startup.VersionLoggerListener.log 命令行参数：       --add-opens=java.base/java.lang=ALL-UNNAMED
16-Jun-2026 20:12:44.948 信息 [main] org.apache.catalina.startup.VersionLoggerListener.log 命令行参数：       --add-opens=java.base/java.lang.reflect=ALL-UNNAMED
16-Jun-2026 20:12:44.948 信息 [main] org.apache.catalina.startup.VersionLoggerListener.log 命令行参数：       --add-opens=java.base/java.io=ALL-UNNAMED
16-Jun-2026 20:12:44.949 信息 [main] org.apache.catalina.startup.VersionLoggerListener.log 命令行参数：       --add-opens=java.base/java.util=ALL-UNNAMED
16-Jun-2026 20:12:44.949 信息 [main] org.apache.catalina.startup.VersionLoggerListener.log 命令行参数：       --add-opens=java.base/java.util.concurrent=ALL-UNNAMED
16-Jun-2026 20:12:44.949 信息 [main] org.apache.catalina.startup.VersionLoggerListener.log 命令行参数：       --add-opens=java.rmi/sun.rmi.transport=ALL-UNNAMED
16-Jun-2026 20:12:44.949 信息 [main] org.apache.catalina.startup.VersionLoggerListener.log 命令行参数：       --enable-native-access=ALL-UNNAMED
16-Jun-2026 20:12:44.950 信息 [main] org.apache.catalina.startup.VersionLoggerListener.log 命令行参数：       -Dcatalina.base=D:\sandbox\JAVAWEBPRATICE\JAVAWEBLAB\apache-tomcat
16-Jun-2026 20:12:44.950 信息 [main] org.apache.catalina.startup.VersionLoggerListener.log 命令行参数：       -Dcatalina.home=D:\sandbox\JAVAWEBPRATICE\JAVAWEBLAB\apache-tomcat
16-Jun-2026 20:12:44.950 信息 [main] org.apache.catalina.startup.VersionLoggerListener.log 命令行参数：       -Djava.io.tmpdir=D:\sandbox\JAVAWEBPRATICE\JAVAWEBLAB\apache-tomcat\temp
16-Jun-2026 20:12:44.953 信息 [main] org.apache.catalina.core.AprLifecycleListener.lifecycleEvent 使用APR版本[1.7.6]加载了基于APR的Apache Tomcat本机库[2.0.14]。
16-Jun-2026 20:12:44.959 信息 [main] org.apache.catalina.core.AprLifecycleListener.initializeSSL OpenSSL成功初始化 [OpenSSL 3.5.5 27 Jan 2026]
16-Jun-2026 20:12:45.099 信息 [main] org.apache.coyote.AbstractProtocol.init 初始化协议处理器 ["http-nio-8088"]
16-Jun-2026 20:12:45.111 信息 [main] org.apache.catalina.startup.Catalina.load 服务器在[280]毫秒内初始化
16-Jun-2026 20:12:45.136 信息 [main] org.apache.catalina.core.StandardService.startInternal 正在启动服务[Catalina]
16-Jun-2026 20:12:45.136 信息 [main] org.apache.catalina.core.StandardEngine.startInternal 正在启动 Servlet 引擎：[Apache Tomcat/11.0.22]
16-Jun-2026 20:12:45.141 信息 [main] org.apache.catalina.startup.HostConfig.deployDirectory 把web 应用程序部署到目录 [D:\sandbox\JAVAWEBPRATICE\JAVAWEBLAB\apache-tomcat\webapps\docs]
16-Jun-2026 20:12:45.317 信息 [main] org.apache.catalina.startup.HostConfig.deployDirectory Web应用程序目录[D:\sandbox\JAVAWEBPRATICE\JAVAWEBLAB\apache-tomcat\webapps\docs]的部署已在[170]毫秒内完成
16-Jun-2026 20:12:45.317 信息 [main] org.apache.catalina.startup.HostConfig.deployDirectory 把web 应用程序部署到目录 [D:\sandbox\JAVAWEBPRATICE\JAVAWEBLAB\apache-tomcat\webapps\examples]
16-Jun-2026 20:12:45.546 信息 [main] org.apache.catalina.startup.HostConfig.deployDirectory Web应用程序目录[D:\sandbox\JAVAWEBPRATICE\JAVAWEBLAB\apache-tomcat\webapps\examples]的部署已在[229]毫秒内完成
16-Jun-2026 20:12:45.546 信息 [main] org.apache.catalina.startup.HostConfig.deployDirectory 把web 应用程序部署到目录 [D:\sandbox\JAVAWEBPRATICE\JAVAWEBLAB\apache-tomcat\webapps\experiment04]
16-Jun-2026 20:12:45.567 信息 [main] org.apache.catalina.startup.HostConfig.deployDirectory Web应用程序目录[D:\sandbox\JAVAWEBPRATICE\JAVAWEBLAB\apache-tomcat\webapps\experiment04]的部署已在[21]毫秒内完成
16-Jun-2026 20:12:45.568 信息 [main] org.apache.catalina.startup.HostConfig.deployDirectory 把web 应用程序部署到目录 [D:\sandbox\JAVAWEBPRATICE\JAVAWEBLAB\apache-tomcat\webapps\experiment05]
16-Jun-2026 20:12:45.583 信息 [main] org.apache.catalina.startup.HostConfig.deployDirectory Web应用程序目录[D:\sandbox\JAVAWEBPRATICE\JAVAWEBLAB\apache-tomcat\webapps\experiment05]的部署已在[15]毫秒内完成
16-Jun-2026 20:12:45.584 信息 [main] org.apache.catalina.startup.HostConfig.deployDirectory 把web 应用程序部署到目录 [D:\sandbox\JAVAWEBPRATICE\JAVAWEBLAB\apache-tomcat\webapps\experiment06]
16-Jun-2026 20:12:45.599 信息 [main] org.apache.catalina.startup.HostConfig.deployDirectory Web应用程序目录[D:\sandbox\JAVAWEBPRATICE\JAVAWEBLAB\apache-tomcat\webapps\experiment06]的部署已在[15]毫秒内完成
16-Jun-2026 20:12:45.600 信息 [main] org.apache.catalina.startup.HostConfig.deployDirectory 把web 应用程序部署到目录 [D:\sandbox\JAVAWEBPRATICE\JAVAWEBLAB\apache-tomcat\webapps\experiment07]
16-Jun-2026 20:12:45.614 信息 [main] org.apache.catalina.startup.HostConfig.deployDirectory Web应用程序目录[D:\sandbox\JAVAWEBPRATICE\JAVAWEBLAB\apache-tomcat\webapps\experiment07]的部署已在[14]毫秒内完成
16-Jun-2026 20:12:45.614 信息 [main] org.apache.catalina.startup.HostConfig.deployDirectory 把web 应用程序部署到目录 [D:\sandbox\JAVAWEBPRATICE\JAVAWEBLAB\apache-tomcat\webapps\experiment08]
16-Jun-2026 20:12:45.632 信息 [main] org.apache.catalina.startup.HostConfig.deployDirectory Web应用程序目录[D:\sandbox\JAVAWEBPRATICE\JAVAWEBLAB\apache-tomcat\webapps\experiment08]的部署已在[18]毫秒内完成
16-Jun-2026 20:12:45.632 信息 [main] org.apache.catalina.startup.HostConfig.deployDirectory 把web 应用程序部署到目录 [D:\sandbox\JAVAWEBPRATICE\JAVAWEBLAB\apache-tomcat\webapps\experiment09]
16-Jun-2026 20:12:45.650 信息 [main] org.apache.catalina.startup.HostConfig.deployDirectory Web应用程序目录[D:\sandbox\JAVAWEBPRATICE\JAVAWEBLAB\apache-tomcat\webapps\experiment09]的部署已在[18]毫秒内完成
16-Jun-2026 20:12:45.651 信息 [main] org.apache.catalina.startup.HostConfig.deployDirectory 把web 应用程序部署到目录 [D:\sandbox\JAVAWEBPRATICE\JAVAWEBLAB\apache-tomcat\webapps\experiment10]
16-Jun-2026 20:12:45.666 信息 [main] org.apache.catalina.startup.HostConfig.deployDirectory Web应用程序目录[D:\sandbox\JAVAWEBPRATICE\JAVAWEBLAB\apache-tomcat\webapps\experiment10]的部署已在[15]毫秒内完成
16-Jun-2026 20:12:45.666 信息 [main] org.apache.catalina.startup.HostConfig.deployDirectory 把web 应用程序部署到目录 [D:\sandbox\JAVAWEBPRATICE\JAVAWEBLAB\apache-tomcat\webapps\host-manager]
16-Jun-2026 20:12:45.687 信息 [main] org.apache.catalina.startup.HostConfig.deployDirectory Web应用程序目录[D:\sandbox\JAVAWEBPRATICE\JAVAWEBLAB\apache-tomcat\webapps\host-manager]的部署已在[21]毫秒内完成
16-Jun-2026 20:12:45.687 信息 [main] org.apache.catalina.startup.HostConfig.deployDirectory 把web 应用程序部署到目录 [D:\sandbox\JAVAWEBPRATICE\JAVAWEBLAB\apache-tomcat\webapps\manager]
16-Jun-2026 20:12:45.705 信息 [main] org.apache.catalina.startup.HostConfig.deployDirectory Web应用程序目录[D:\sandbox\JAVAWEBPRATICE\JAVAWEBLAB\apache-tomcat\webapps\manager]的部署已在[17]毫秒内完成
16-Jun-2026 20:12:45.705 信息 [main] org.apache.catalina.startup.HostConfig.deployDirectory 把web 应用程序部署到目录 [D:\sandbox\JAVAWEBPRATICE\JAVAWEBLAB\apache-tomcat\webapps\ROOT]
16-Jun-2026 20:12:45.715 信息 [main] org.apache.catalina.startup.HostConfig.deployDirectory Web应用程序目录[D:\sandbox\JAVAWEBPRATICE\JAVAWEBLAB\apache-tomcat\webapps\ROOT]的部署已在[10]毫秒内完成
16-Jun-2026 20:12:45.719 信息 [main] org.apache.coyote.AbstractProtocol.start 开始协议处理句柄["http-nio-8088"]
16-Jun-2026 20:12:45.735 信息 [main] org.apache.catalina.startup.Catalina.start [623]毫秒后服务器启动
16-Jun-2026 20:13:20.004 信息 [Thread-1] org.apache.coyote.AbstractProtocol.pause 暂停ProtocolHandler["http-nio-8088"]
16-Jun-2026 20:13:20.015 信息 [Thread-1] org.apache.catalina.core.StandardService.stopInternal 正在停止服务[Catalina]
16-Jun-2026 20:13:20.036 信息 [Thread-1] org.apache.coyote.AbstractProtocol.stop 正在停止ProtocolHandler ["http-nio-8088"]
16-Jun-2026 20:13:20.050 信息 [Thread-1] org.apache.coyote.AbstractProtocol.destroy 正在销毁协议处理器 ["http-nio-8088"]
16-Jun-2026 20:13:27.610 信息 [main] org.apache.catalina.startup.VersionLoggerListener.log Server.服务器版本: Apache Tomcat/11.0.22
16-Jun-2026 20:13:27.612 信息 [main] org.apache.catalina.startup.VersionLoggerListener.log 服务器构建:        May 1 2026 18:29:05 UTC
16-Jun-2026 20:13:27.612 信息 [main] org.apache.catalina.startup.VersionLoggerListener.log 服务器版本号:      11.0.22.0
16-Jun-2026 20:13:27.612 信息 [main] org.apache.catalina.startup.VersionLoggerListener.log 操作系统名称:      Windows 11
16-Jun-2026 20:13:27.612 信息 [main] org.apache.catalina.startup.VersionLoggerListener.log OS.版本:           10.0
16-Jun-2026 20:13:27.612 信息 [main] org.apache.catalina.startup.VersionLoggerListener.log 架构:              amd64
16-Jun-2026 20:13:27.613 信息 [main] org.apache.catalina.startup.VersionLoggerListener.log Java 环境变量:     C:\Program Files\Eclipse Adoptium\jdk-25.0.2.10-hotspot
16-Jun-2026 20:13:27.613 信息 [main] org.apache.catalina.startup.VersionLoggerListener.log Java虚拟机版本:    25.0.2+10-LTS
16-Jun-2026 20:13:27.613 信息 [main] org.apache.catalina.startup.VersionLoggerListener.log JVM.供应商:        Eclipse Adoptium
16-Jun-2026 20:13:27.613 信息 [main] org.apache.catalina.startup.VersionLoggerListener.log CATALINA_BASE:     D:\sandbox\JAVAWEBPRATICE\JAVAWEBLAB\apache-tomcat
16-Jun-2026 20:13:27.613 信息 [main] org.apache.catalina.startup.VersionLoggerListener.log CATALINA_HOME:     D:\sandbox\JAVAWEBPRATICE\JAVAWEBLAB\apache-tomcat
16-Jun-2026 20:13:27.618 信息 [main] org.apache.catalina.startup.VersionLoggerListener.log 命令行参数：       -Djava.util.logging.config.file=D:\sandbox\JAVAWEBPRATICE\JAVAWEBLAB\apache-tomcat\conf\logging.properties
16-Jun-2026 20:13:27.619 信息 [main] org.apache.catalina.startup.VersionLoggerListener.log 命令行参数：       -Djava.util.logging.manager=org.apache.juli.ClassLoaderLogManager
16-Jun-2026 20:13:27.619 信息 [main] org.apache.catalina.startup.VersionLoggerListener.log 命令行参数：       -Djdk.tls.ephemeralDHKeySize=2048
16-Jun-2026 20:13:27.619 信息 [main] org.apache.catalina.startup.VersionLoggerListener.log 命令行参数：       --add-opens=java.base/java.lang=ALL-UNNAMED
16-Jun-2026 20:13:27.620 信息 [main] org.apache.catalina.startup.VersionLoggerListener.log 命令行参数：       --add-opens=java.base/java.lang.reflect=ALL-UNNAMED
16-Jun-2026 20:13:27.620 信息 [main] org.apache.catalina.startup.VersionLoggerListener.log 命令行参数：       --add-opens=java.base/java.io=ALL-UNNAMED
16-Jun-2026 20:13:27.620 信息 [main] org.apache.catalina.startup.VersionLoggerListener.log 命令行参数：       --add-opens=java.base/java.util=ALL-UNNAMED
16-Jun-2026 20:13:27.620 信息 [main] org.apache.catalina.startup.VersionLoggerListener.log 命令行参数：       --add-opens=java.base/java.util.concurrent=ALL-UNNAMED
16-Jun-2026 20:13:27.621 信息 [main] org.apache.catalina.startup.VersionLoggerListener.log 命令行参数：       --add-opens=java.rmi/sun.rmi.transport=ALL-UNNAMED
16-Jun-2026 20:13:27.621 信息 [main] org.apache.catalina.startup.VersionLoggerListener.log 命令行参数：       --enable-native-access=ALL-UNNAMED
16-Jun-2026 20:13:27.621 信息 [main] org.apache.catalina.startup.VersionLoggerListener.log 命令行参数：       -Dcatalina.base=D:\sandbox\JAVAWEBPRATICE\JAVAWEBLAB\apache-tomcat
16-Jun-2026 20:13:27.621 信息 [main] org.apache.catalina.startup.VersionLoggerListener.log 命令行参数：       -Dcatalina.home=D:\sandbox\JAVAWEBPRATICE\JAVAWEBLAB\apache-tomcat
16-Jun-2026 20:13:27.622 信息 [main] org.apache.catalina.startup.VersionLoggerListener.log 命令行参数：       -Djava.io.tmpdir=D:\sandbox\JAVAWEBPRATICE\JAVAWEBLAB\apache-tomcat\temp
16-Jun-2026 20:13:27.624 信息 [main] org.apache.catalina.core.AprLifecycleListener.lifecycleEvent 使用APR版本[1.7.6]加载了基于APR的Apache Tomcat本机库[2.0.14]。
16-Jun-2026 20:13:27.629 信息 [main] org.apache.catalina.core.AprLifecycleListener.initializeSSL OpenSSL成功初始化 [OpenSSL 3.5.5 27 Jan 2026]
16-Jun-2026 20:13:27.770 信息 [main] org.apache.coyote.AbstractProtocol.init 初始化协议处理器 ["http-nio-8088"]
16-Jun-2026 20:13:27.785 信息 [main] org.apache.catalina.startup.Catalina.load 服务器在[278]毫秒内初始化
16-Jun-2026 20:13:27.812 信息 [main] org.apache.catalina.core.StandardService.startInternal 正在启动服务[Catalina]
16-Jun-2026 20:13:27.812 信息 [main] org.apache.catalina.core.StandardEngine.startInternal 正在启动 Servlet 引擎：[Apache Tomcat/11.0.22]
16-Jun-2026 20:13:27.818 信息 [main] org.apache.catalina.startup.HostConfig.deployDirectory 把web 应用程序部署到目录 [D:\sandbox\JAVAWEBPRATICE\JAVAWEBLAB\apache-tomcat\webapps\docs]
16-Jun-2026 20:13:27.990 信息 [main] org.apache.catalina.startup.HostConfig.deployDirectory Web应用程序目录[D:\sandbox\JAVAWEBPRATICE\JAVAWEBLAB\apache-tomcat\webapps\docs]的部署已在[167]毫秒内完成
16-Jun-2026 20:13:27.991 信息 [main] org.apache.catalina.startup.HostConfig.deployDirectory 把web 应用程序部署到目录 [D:\sandbox\JAVAWEBPRATICE\JAVAWEBLAB\apache-tomcat\webapps\examples]
16-Jun-2026 20:13:28.212 信息 [main] org.apache.catalina.startup.HostConfig.deployDirectory Web应用程序目录[D:\sandbox\JAVAWEBPRATICE\JAVAWEBLAB\apache-tomcat\webapps\examples]的部署已在[221]毫秒内完成
16-Jun-2026 20:13:28.213 信息 [main] org.apache.catalina.startup.HostConfig.deployDirectory 把web 应用程序部署到目录 [D:\sandbox\JAVAWEBPRATICE\JAVAWEBLAB\apache-tomcat\webapps\experiment04]
16-Jun-2026 20:13:28.233 信息 [main] org.apache.catalina.startup.HostConfig.deployDirectory Web应用程序目录[D:\sandbox\JAVAWEBPRATICE\JAVAWEBLAB\apache-tomcat\webapps\experiment04]的部署已在[21]毫秒内完成
16-Jun-2026 20:13:28.234 信息 [main] org.apache.catalina.startup.HostConfig.deployDirectory 把web 应用程序部署到目录 [D:\sandbox\JAVAWEBPRATICE\JAVAWEBLAB\apache-tomcat\webapps\experiment05]
16-Jun-2026 20:13:28.253 信息 [main] org.apache.catalina.startup.HostConfig.deployDirectory Web应用程序目录[D:\sandbox\JAVAWEBPRATICE\JAVAWEBLAB\apache-tomcat\webapps\experiment05]的部署已在[19]毫秒内完成
16-Jun-2026 20:13:28.253 信息 [main] org.apache.catalina.startup.HostConfig.deployDirectory 把web 应用程序部署到目录 [D:\sandbox\JAVAWEBPRATICE\JAVAWEBLAB\apache-tomcat\webapps\experiment06]
16-Jun-2026 20:13:28.270 信息 [main] org.apache.catalina.startup.HostConfig.deployDirectory Web应用程序目录[D:\sandbox\JAVAWEBPRATICE\JAVAWEBLAB\apache-tomcat\webapps\experiment06]的部署已在[17]毫秒内完成
16-Jun-2026 20:13:28.271 信息 [main] org.apache.catalina.startup.HostConfig.deployDirectory 把web 应用程序部署到目录 [D:\sandbox\JAVAWEBPRATICE\JAVAWEBLAB\apache-tomcat\webapps\experiment07]
16-Jun-2026 20:13:28.285 信息 [main] org.apache.catalina.startup.HostConfig.deployDirectory Web应用程序目录[D:\sandbox\JAVAWEBPRATICE\JAVAWEBLAB\apache-tomcat\webapps\experiment07]的部署已在[14]毫秒内完成
16-Jun-2026 20:13:28.286 信息 [main] org.apache.catalina.startup.HostConfig.deployDirectory 把web 应用程序部署到目录 [D:\sandbox\JAVAWEBPRATICE\JAVAWEBLAB\apache-tomcat\webapps\experiment08]
16-Jun-2026 20:13:28.307 信息 [main] org.apache.catalina.startup.HostConfig.deployDirectory Web应用程序目录[D:\sandbox\JAVAWEBPRATICE\JAVAWEBLAB\apache-tomcat\webapps\experiment08]的部署已在[21]毫秒内完成
16-Jun-2026 20:13:28.307 信息 [main] org.apache.catalina.startup.HostConfig.deployDirectory 把web 应用程序部署到目录 [D:\sandbox\JAVAWEBPRATICE\JAVAWEBLAB\apache-tomcat\webapps\experiment09]
16-Jun-2026 20:13:28.323 信息 [main] org.apache.catalina.startup.HostConfig.deployDirectory Web应用程序目录[D:\sandbox\JAVAWEBPRATICE\JAVAWEBLAB\apache-tomcat\webapps\experiment09]的部署已在[16]毫秒内完成
16-Jun-2026 20:13:28.324 信息 [main] org.apache.catalina.startup.HostConfig.deployDirectory 把web 应用程序部署到目录 [D:\sandbox\JAVAWEBPRATICE\JAVAWEBLAB\apache-tomcat\webapps\experiment10]
16-Jun-2026 20:13:28.338 信息 [main] org.apache.catalina.startup.HostConfig.deployDirectory Web应用程序目录[D:\sandbox\JAVAWEBPRATICE\JAVAWEBLAB\apache-tomcat\webapps\experiment10]的部署已在[14]毫秒内完成
16-Jun-2026 20:13:28.339 信息 [main] org.apache.catalina.startup.HostConfig.deployDirectory 把web 应用程序部署到目录 [D:\sandbox\JAVAWEBPRATICE\JAVAWEBLAB\apache-tomcat\webapps\host-manager]
16-Jun-2026 20:13:28.359 信息 [main] org.apache.catalina.startup.HostConfig.deployDirectory Web应用程序目录[D:\sandbox\JAVAWEBPRATICE\JAVAWEBLAB\apache-tomcat\webapps\host-manager]的部署已在[20]毫秒内完成
16-Jun-2026 20:13:28.360 信息 [main] org.apache.catalina.startup.HostConfig.deployDirectory 把web 应用程序部署到目录 [D:\sandbox\JAVAWEBPRATICE\JAVAWEBLAB\apache-tomcat\webapps\manager]
16-Jun-2026 20:13:28.378 信息 [main] org.apache.catalina.startup.HostConfig.deployDirectory Web应用程序目录[D:\sandbox\JAVAWEBPRATICE\JAVAWEBLAB\apache-tomcat\webapps\manager]的部署已在[18]毫秒内完成
16-Jun-2026 20:13:28.378 信息 [main] org.apache.catalina.startup.HostConfig.deployDirectory 把web 应用程序部署到目录 [D:\sandbox\JAVAWEBPRATICE\JAVAWEBLAB\apache-tomcat\webapps\ROOT]
16-Jun-2026 20:13:28.390 信息 [main] org.apache.catalina.startup.HostConfig.deployDirectory Web应用程序目录[D:\sandbox\JAVAWEBPRATICE\JAVAWEBLAB\apache-tomcat\webapps\ROOT]的部署已在[12]毫秒内完成
16-Jun-2026 20:13:28.393 信息 [main] org.apache.coyote.AbstractProtocol.start 开始协议处理句柄["http-nio-8088"]
16-Jun-2026 20:13:28.408 信息 [main] org.apache.catalina.startup.Catalina.start [621]毫秒后服务器启动
16-Jun-2026 20:13:44.589 信息 [Thread-1] org.apache.coyote.AbstractProtocol.pause 暂停ProtocolHandler["http-nio-8088"]
16-Jun-2026 20:13:44.601 信息 [Thread-1] org.apache.catalina.core.StandardService.stopInternal 正在停止服务[Catalina]
16-Jun-2026 20:13:44.633 信息 [Thread-1] org.apache.coyote.AbstractProtocol.stop 正在停止ProtocolHandler ["http-nio-8088"]
16-Jun-2026 20:13:44.646 信息 [Thread-1] org.apache.coyote.AbstractProtocol.destroy 正在销毁协议处理器 ["http-nio-8088"]
16-Jun-2026 20:14:00.958 信息 [main] org.apache.catalina.startup.VersionLoggerListener.log Server.服务器版本: Apache Tomcat/11.0.22
16-Jun-2026 20:14:00.961 信息 [main] org.apache.catalina.startup.VersionLoggerListener.log 服务器构建:        May 1 2026 18:29:05 UTC
16-Jun-2026 20:14:00.962 信息 [main] org.apache.catalina.startup.VersionLoggerListener.log 服务器版本号:      11.0.22.0
16-Jun-2026 20:14:00.962 信息 [main] org.apache.catalina.startup.VersionLoggerListener.log 操作系统名称:      Windows 11
16-Jun-2026 20:14:00.962 信息 [main] org.apache.catalina.startup.VersionLoggerListener.log OS.版本:           10.0
16-Jun-2026 20:14:00.962 信息 [main] org.apache.catalina.startup.VersionLoggerListener.log 架构:              amd64
16-Jun-2026 20:14:00.963 信息 [main] org.apache.catalina.startup.VersionLoggerListener.log Java 环境变量:     C:\Program Files\Eclipse Adoptium\jdk-25.0.2.10-hotspot
16-Jun-2026 20:14:00.963 信息 [main] org.apache.catalina.startup.VersionLoggerListener.log Java虚拟机版本:    25.0.2+10-LTS
16-Jun-2026 20:14:00.963 信息 [main] org.apache.catalina.startup.VersionLoggerListener.log JVM.供应商:        Eclipse Adoptium
16-Jun-2026 20:14:00.963 信息 [main] org.apache.catalina.startup.VersionLoggerListener.log CATALINA_BASE:     D:\sandbox\JAVAWEBPRATICE\JAVAWEBLAB\apache-tomcat
16-Jun-2026 20:14:00.963 信息 [main] org.apache.catalina.startup.VersionLoggerListener.log CATALINA_HOME:     D:\sandbox\JAVAWEBPRATICE\JAVAWEBLAB\apache-tomcat
16-Jun-2026 20:14:00.970 信息 [main] org.apache.catalina.startup.VersionLoggerListener.log 命令行参数：       -Djava.util.logging.config.file=D:\sandbox\JAVAWEBPRATICE\JAVAWEBLAB\apache-tomcat\conf\logging.properties
16-Jun-2026 20:14:00.970 信息 [main] org.apache.catalina.startup.VersionLoggerListener.log 命令行参数：       -Djava.util.logging.manager=org.apache.juli.ClassLoaderLogManager
16-Jun-2026 20:14:00.971 信息 [main] org.apache.catalina.startup.VersionLoggerListener.log 命令行参数：       -Djdk.tls.ephemeralDHKeySize=2048
16-Jun-2026 20:14:00.971 信息 [main] org.apache.catalina.startup.VersionLoggerListener.log 命令行参数：       --add-opens=java.base/java.lang=ALL-UNNAMED
16-Jun-2026 20:14:00.971 信息 [main] org.apache.catalina.startup.VersionLoggerListener.log 命令行参数：       --add-opens=java.base/java.lang.reflect=ALL-UNNAMED
16-Jun-2026 20:14:00.971 信息 [main] org.apache.catalina.startup.VersionLoggerListener.log 命令行参数：       --add-opens=java.base/java.io=ALL-UNNAMED
16-Jun-2026 20:14:00.972 信息 [main] org.apache.catalina.startup.VersionLoggerListener.log 命令行参数：       --add-opens=java.base/java.util=ALL-UNNAMED
16-Jun-2026 20:14:00.972 信息 [main] org.apache.catalina.startup.VersionLoggerListener.log 命令行参数：       --add-opens=java.base/java.util.concurrent=ALL-UNNAMED
16-Jun-2026 20:14:00.972 信息 [main] org.apache.catalina.startup.VersionLoggerListener.log 命令行参数：       --add-opens=java.rmi/sun.rmi.transport=ALL-UNNAMED
16-Jun-2026 20:14:00.972 信息 [main] org.apache.catalina.startup.VersionLoggerListener.log 命令行参数：       --enable-native-access=ALL-UNNAMED
16-Jun-2026 20:14:00.972 信息 [main] org.apache.catalina.startup.VersionLoggerListener.log 命令行参数：       -Dcatalina.base=D:\sandbox\JAVAWEBPRATICE\JAVAWEBLAB\apache-tomcat
16-Jun-2026 20:14:00.973 信息 [main] org.apache.catalina.startup.VersionLoggerListener.log 命令行参数：       -Dcatalina.home=D:\sandbox\JAVAWEBPRATICE\JAVAWEBLAB\apache-tomcat
16-Jun-2026 20:14:00.973 信息 [main] org.apache.catalina.startup.VersionLoggerListener.log 命令行参数：       -Djava.io.tmpdir=D:\sandbox\JAVAWEBPRATICE\JAVAWEBLAB\apache-tomcat\temp
16-Jun-2026 20:14:00.974 信息 [main] org.apache.catalina.core.AprLifecycleListener.lifecycleEvent 使用APR版本[1.7.6]加载了基于APR的Apache Tomcat本机库[2.0.14]。
16-Jun-2026 20:14:00.980 信息 [main] org.apache.catalina.core.AprLifecycleListener.initializeSSL OpenSSL成功初始化 [OpenSSL 3.5.5 27 Jan 2026]
16-Jun-2026 20:14:01.145 信息 [main] org.apache.coyote.AbstractProtocol.init 初始化协议处理器 ["http-nio-8088"]
16-Jun-2026 20:14:01.160 信息 [main] org.apache.catalina.startup.Catalina.load 服务器在[310]毫秒内初始化
16-Jun-2026 20:14:01.191 信息 [main] org.apache.catalina.core.StandardService.startInternal 正在启动服务[Catalina]
16-Jun-2026 20:14:01.192 信息 [main] org.apache.catalina.core.StandardEngine.startInternal 正在启动 Servlet 引擎：[Apache Tomcat/11.0.22]
16-Jun-2026 20:14:01.197 信息 [main] org.apache.catalina.startup.HostConfig.deployDirectory 把web 应用程序部署到目录 [D:\sandbox\JAVAWEBPRATICE\JAVAWEBLAB\apache-tomcat\webapps\docs]
16-Jun-2026 20:14:01.389 信息 [main] org.apache.catalina.startup.HostConfig.deployDirectory Web应用程序目录[D:\sandbox\JAVAWEBPRATICE\JAVAWEBLAB\apache-tomcat\webapps\docs]的部署已在[186]毫秒内完成
16-Jun-2026 20:14:01.389 信息 [main] org.apache.catalina.startup.HostConfig.deployDirectory 把web 应用程序部署到目录 [D:\sandbox\JAVAWEBPRATICE\JAVAWEBLAB\apache-tomcat\webapps\examples]
16-Jun-2026 20:14:01.616 信息 [main] org.apache.catalina.startup.HostConfig.deployDirectory Web应用程序目录[D:\sandbox\JAVAWEBPRATICE\JAVAWEBLAB\apache-tomcat\webapps\examples]的部署已在[227]毫秒内完成
16-Jun-2026 20:14:01.617 信息 [main] org.apache.catalina.startup.HostConfig.deployDirectory 把web 应用程序部署到目录 [D:\sandbox\JAVAWEBPRATICE\JAVAWEBLAB\apache-tomcat\webapps\experiment04]
16-Jun-2026 20:14:01.638 信息 [main] org.apache.catalina.startup.HostConfig.deployDirectory Web应用程序目录[D:\sandbox\JAVAWEBPRATICE\JAVAWEBLAB\apache-tomcat\webapps\experiment04]的部署已在[21]毫秒内完成
16-Jun-2026 20:14:01.638 信息 [main] org.apache.catalina.startup.HostConfig.deployDirectory 把web 应用程序部署到目录 [D:\sandbox\JAVAWEBPRATICE\JAVAWEBLAB\apache-tomcat\webapps\experiment05]
16-Jun-2026 20:14:01.653 信息 [main] org.apache.catalina.startup.HostConfig.deployDirectory Web应用程序目录[D:\sandbox\JAVAWEBPRATICE\JAVAWEBLAB\apache-tomcat\webapps\experiment05]的部署已在[15]毫秒内完成
16-Jun-2026 20:14:01.653 信息 [main] org.apache.catalina.startup.HostConfig.deployDirectory 把web 应用程序部署到目录 [D:\sandbox\JAVAWEBPRATICE\JAVAWEBLAB\apache-tomcat\webapps\experiment06]
16-Jun-2026 20:14:01.668 信息 [main] org.apache.catalina.startup.HostConfig.deployDirectory Web应用程序目录[D:\sandbox\JAVAWEBPRATICE\JAVAWEBLAB\apache-tomcat\webapps\experiment06]的部署已在[15]毫秒内完成
16-Jun-2026 20:14:01.669 信息 [main] org.apache.catalina.startup.HostConfig.deployDirectory 把web 应用程序部署到目录 [D:\sandbox\JAVAWEBPRATICE\JAVAWEBLAB\apache-tomcat\webapps\experiment07]
16-Jun-2026 20:14:01.683 信息 [main] org.apache.catalina.startup.HostConfig.deployDirectory Web应用程序目录[D:\sandbox\JAVAWEBPRATICE\JAVAWEBLAB\apache-tomcat\webapps\experiment07]的部署已在[14]毫秒内完成
16-Jun-2026 20:14:01.684 信息 [main] org.apache.catalina.startup.HostConfig.deployDirectory 把web 应用程序部署到目录 [D:\sandbox\JAVAWEBPRATICE\JAVAWEBLAB\apache-tomcat\webapps\experiment08]
16-Jun-2026 20:14:01.704 信息 [main] org.apache.catalina.startup.HostConfig.deployDirectory Web应用程序目录[D:\sandbox\JAVAWEBPRATICE\JAVAWEBLAB\apache-tomcat\webapps\experiment08]的部署已在[20]毫秒内完成
16-Jun-2026 20:14:01.704 信息 [main] org.apache.catalina.startup.HostConfig.deployDirectory 把web 应用程序部署到目录 [D:\sandbox\JAVAWEBPRATICE\JAVAWEBLAB\apache-tomcat\webapps\experiment09]
16-Jun-2026 20:14:01.723 信息 [main] org.apache.catalina.startup.HostConfig.deployDirectory Web应用程序目录[D:\sandbox\JAVAWEBPRATICE\JAVAWEBLAB\apache-tomcat\webapps\experiment09]的部署已在[19]毫秒内完成
16-Jun-2026 20:14:01.723 信息 [main] org.apache.catalina.startup.HostConfig.deployDirectory 把web 应用程序部署到目录 [D:\sandbox\JAVAWEBPRATICE\JAVAWEBLAB\apache-tomcat\webapps\experiment10]
16-Jun-2026 20:14:01.747 信息 [main] org.apache.catalina.startup.HostConfig.deployDirectory Web应用程序目录[D:\sandbox\JAVAWEBPRATICE\JAVAWEBLAB\apache-tomcat\webapps\experiment10]的部署已在[24]毫秒内完成
16-Jun-2026 20:14:01.748 信息 [main] org.apache.catalina.startup.HostConfig.deployDirectory 把web 应用程序部署到目录 [D:\sandbox\JAVAWEBPRATICE\JAVAWEBLAB\apache-tomcat\webapps\host-manager]
16-Jun-2026 20:14:01.774 信息 [main] org.apache.catalina.startup.HostConfig.deployDirectory Web应用程序目录[D:\sandbox\JAVAWEBPRATICE\JAVAWEBLAB\apache-tomcat\webapps\host-manager]的部署已在[26]毫秒内完成
16-Jun-2026 20:14:01.774 信息 [main] org.apache.catalina.startup.HostConfig.deployDirectory 把web 应用程序部署到目录 [D:\sandbox\JAVAWEBPRATICE\JAVAWEBLAB\apache-tomcat\webapps\manager]
16-Jun-2026 20:14:01.791 信息 [main] org.apache.catalina.startup.HostConfig.deployDirectory Web应用程序目录[D:\sandbox\JAVAWEBPRATICE\JAVAWEBLAB\apache-tomcat\webapps\manager]的部署已在[16]毫秒内完成
16-Jun-2026 20:14:01.791 信息 [main] org.apache.catalina.startup.HostConfig.deployDirectory 把web 应用程序部署到目录 [D:\sandbox\JAVAWEBPRATICE\JAVAWEBLAB\apache-tomcat\webapps\ROOT]
16-Jun-2026 20:14:01.802 信息 [main] org.apache.catalina.startup.HostConfig.deployDirectory Web应用程序目录[D:\sandbox\JAVAWEBPRATICE\JAVAWEBLAB\apache-tomcat\webapps\ROOT]的部署已在[11]毫秒内完成
16-Jun-2026 20:14:01.806 信息 [main] org.apache.coyote.AbstractProtocol.start 开始协议处理句柄["http-nio-8088"]
16-Jun-2026 20:14:01.822 信息 [main] org.apache.catalina.startup.Catalina.start [660]毫秒后服务器启动
16-Jun-2026 20:14:44.248 信息 [Thread-1] org.apache.coyote.AbstractProtocol.pause 暂停ProtocolHandler["http-nio-8088"]
16-Jun-2026 20:14:44.258 信息 [Thread-1] org.apache.catalina.core.StandardService.stopInternal 正在停止服务[Catalina]
16-Jun-2026 20:14:44.279 信息 [Thread-1] org.apache.coyote.AbstractProtocol.stop 正在停止ProtocolHandler ["http-nio-8088"]
16-Jun-2026 20:14:44.283 信息 [Thread-1] org.apache.coyote.AbstractProtocol.destroy 正在销毁协议处理器 ["http-nio-8088"]
