16-Jun-2026 15:15:24.284 信息 [main] org.apache.catalina.core.ApplicationContext.log ContextListener: contextInitialized()
16-Jun-2026 15:15:24.284 信息 [main] org.apache.catalina.core.ApplicationContext.log SessionListener: contextInitialized()
16-Jun-2026 15:15:24.285 信息 [main] org.apache.catalina.core.ApplicationContext.log ContextListener: attributeAdded('StockTicker', 'async.Stockticker@2c3dec30')
16-Jun-2026 15:17:10.442 严重 [http-nio-8088-exec-6] org.apache.catalina.core.StandardWrapperValve.invoke 在路径为[/experiment07]的上下文中，Servlet[jsp]的Servlet.service（）引发了具有根本原因的异常[org.apache.jasper.JasperException: 在[beans.Triangle]类型bean中找不到任何有关属性[isValid]的信息]
	org.apache.jasper.JasperException: 在[beans.Triangle]类型bean中找不到任何有关属性[isValid]的信息
		at org.apache.jasper.runtime.JspRuntimeLibrary.getReadMethod(JspRuntimeLibrary.java:778)
		at org.apache.jasper.compiler.Generator$GenerateVisitor.visit(Generator.java:1209)
		at org.apache.jasper.compiler.Node$GetProperty.accept(Node.java:1003)
		at org.apache.jasper.compiler.Node$Nodes.visit(Node.java:2148)
		at org.apache.jasper.compiler.Node$Visitor.visitBody(Node.java:2204)
		at org.apache.jasper.compiler.Node$Visitor.visit(Node.java:2210)
		at org.apache.jasper.compiler.Node$Root.accept(Node.java:432)
		at org.apache.jasper.compiler.Node$Nodes.visit(Node.java:2148)
		at org.apache.jasper.compiler.Generator.generate(Generator.java:3438)
		at org.apache.jasper.compiler.Compiler.generateJava(Compiler.java:239)
		at org.apache.jasper.compiler.Compiler.compile(Compiler.java:362)
		at org.apache.jasper.compiler.Compiler.compile(Compiler.java:340)
		at org.apache.jasper.compiler.Compiler.compile(Compiler.java:326)
		at org.apache.jasper.JspCompilationContext.compile(JspCompilationContext.java:585)
		at org.apache.jasper.servlet.JspServletWrapper.service(JspServletWrapper.java:368)
		at org.apache.jasper.servlet.JspServlet.serviceJspFile(JspServlet.java:330)
		at org.apache.jasper.servlet.JspServlet.service(JspServlet.java:281)
		at jakarta.servlet.http.HttpServlet.service(HttpServlet.java:710)
		at org.apache.catalina.core.ApplicationFilterChain.doFilter(ApplicationFilterChain.java:128)
		at org.apache.tomcat.websocket.server.WsFilter.doFilter(WsFilter.java:53)
		at org.apache.catalina.core.ApplicationFilterChain.doFilter(ApplicationFilterChain.java:107)
		at org.apache.catalina.core.StandardWrapperValve.invoke(StandardWrapperValve.java:165)
		at org.apache.catalina.core.StandardContextValve.invoke(StandardContextValve.java:77)
		at org.apache.catalina.authenticator.AuthenticatorBase.invoke(AuthenticatorBase.java:492)
		at org.apache.catalina.core.StandardHostValve.invoke(StandardHostValve.java:113)
		at org.apache.catalina.valves.ErrorReportValve.invoke(ErrorReportValve.java:83)
		at org.apache.catalina.valves.AbstractAccessLogValve.invoke(AbstractAccessLogValve.java:782)
		at org.apache.catalina.core.StandardEngineValve.invoke(StandardEngineValve.java:72)
		at org.apache.catalina.connector.CoyoteAdapter.service(CoyoteAdapter.java:341)
		at org.apache.coyote.http11.Http11Processor.service(Http11Processor.java:397)
		at org.apache.coyote.AbstractProcessorLight.process(AbstractProcessorLight.java:63)
		at org.apache.coyote.AbstractProtocol$ConnectionHandler.process(AbstractProtocol.java:1272)
		at org.apache.tomcat.util.net.NioEndpoint$SocketProcessor.doRun(NioEndpoint.java:1801)
		at org.apache.tomcat.util.net.SocketProcessorBase.run(SocketProcessorBase.java:52)
		at org.apache.tomcat.util.threads.ThreadPoolExecutor.runWorker(ThreadPoolExecutor.java:946)
		at org.apache.tomcat.util.threads.ThreadPoolExecutor$Worker.run(ThreadPoolExecutor.java:480)
		at org.apache.tomcat.util.threads.TaskThread$WrappingRunnable.run(TaskThread.java:57)
		at java.base/java.lang.Thread.run(Thread.java:1474)
